  Source.cpp
C:\Users\Luis\Desktop\openGLproject\Sistema Solar\Sistema Solar\Source.cpp(19,17): warning C4305: 'inicializando': truncamiento de 'double' a 'GLfloat'
C:\Users\Luis\Desktop\openGLproject\Sistema Solar\Sistema Solar\Source.cpp(19,27): warning C4305: 'inicializando': truncamiento de 'double' a 'GLfloat'
C:\Users\Luis\Desktop\openGLproject\Sistema Solar\Sistema Solar\Source.cpp(19,37): warning C4305: 'inicializando': truncamiento de 'double' a 'GLfloat'
C:\Users\Luis\Desktop\openGLproject\Sistema Solar\Sistema Solar\Source.cpp(27,36): warning C4305: 'inicializando': truncamiento de 'double' a 'GLfloat'
C:\Users\Luis\Desktop\openGLproject\Sistema Solar\Sistema Solar\Source.cpp(29,37): warning C4305: 'inicializando': truncamiento de 'double' a 'GLfloat'
C:\Users\Luis\Desktop\openGLproject\Sistema Solar\Sistema Solar\Source.cpp(30,30): warning C4305: 'inicializando': truncamiento de 'double' a 'GLfloat'
C:\Users\Luis\Desktop\openGLproject\Sistema Solar\Sistema Solar\Source.cpp(31,62): warning C4305: 'inicializando': truncamiento de 'double' a 'GLfloat'
C:\Users\Luis\Desktop\openGLproject\Sistema Solar\Sistema Solar\Source.cpp(58,29): warning C4305: 'argumento': truncamiento de 'double' a 'GLfloat'
C:\Users\Luis\Desktop\openGLproject\Sistema Solar\Sistema Solar\Source.cpp(62,28): warning C4305: 'argumento': truncamiento de 'double' a 'GLfloat'
C:\Users\Luis\Desktop\openGLproject\Sistema Solar\Sistema Solar\Source.cpp(107,28): warning C4305: 'argumento': truncamiento de 'double' a 'GLfloat'
C:\Users\Luis\Desktop\openGLproject\Sistema Solar\Sistema Solar\Source.cpp(115,27): warning C4305: 'argumento': truncamiento de 'double' a 'GLfloat'
C:\Users\Luis\Desktop\openGLproject\Sistema Solar\Sistema Solar\Source.cpp(119,28): warning C4305: 'argumento': truncamiento de 'double' a 'GLfloat'
C:\Users\Luis\Desktop\openGLproject\Sistema Solar\Sistema Solar\Source.cpp(120,30): warning C4305: 'argumento': truncamiento de 'double' a 'GLfloat'
C:\Users\Luis\Desktop\openGLproject\Sistema Solar\Sistema Solar\Source.cpp(127,28): warning C4305: 'argumento': truncamiento de 'double' a 'GLfloat'
C:\Users\Luis\Desktop\openGLproject\Sistema Solar\Sistema Solar\Source.cpp(128,27): warning C4305: 'argumento': truncamiento de 'double' a 'GLfloat'
C:\Users\Luis\Desktop\openGLproject\Sistema Solar\Sistema Solar\Source.cpp(135,28): warning C4305: 'argumento': truncamiento de 'double' a 'GLfloat'
C:\Users\Luis\Desktop\openGLproject\Sistema Solar\Sistema Solar\Source.cpp(136,30): warning C4305: 'argumento': truncamiento de 'double' a 'GLfloat'
C:\Users\Luis\Desktop\openGLproject\Sistema Solar\Sistema Solar\Source.cpp(139,41): warning C4305: 'argumento': truncamiento de 'double' a 'GLfloat'
C:\Users\Luis\Desktop\openGLproject\Sistema Solar\Sistema Solar\Source.cpp(140,31): warning C4305: 'argumento': truncamiento de 'double' a 'GLfloat'
C:\Users\Luis\Desktop\openGLproject\Sistema Solar\Sistema Solar\Source.cpp(150,31): warning C4305: 'argumento': truncamiento de 'double' a 'GLfloat'
C:\Users\Luis\Desktop\openGLproject\Sistema Solar\Sistema Solar\Source.cpp(151,30): warning C4305: 'argumento': truncamiento de 'double' a 'GLfloat'
C:\Users\Luis\Desktop\openGLproject\Sistema Solar\Sistema Solar\Source.cpp(156,31): warning C4305: 'argumento': truncamiento de 'double' a 'GLfloat'
C:\Users\Luis\Desktop\openGLproject\Sistema Solar\Sistema Solar\Source.cpp(159,39): warning C4305: 'inicializando': truncamiento de 'double' a 'float'
C:\Users\Luis\Desktop\openGLproject\Sistema Solar\Sistema Solar\Source.cpp(162,35): warning C4305: '-=': truncamiento de 'double' a 'float'
C:\Users\Luis\Desktop\openGLproject\Sistema Solar\Sistema Solar\Source.cpp(181,28): warning C4305: 'argumento': truncamiento de 'double' a 'GLfloat'
C:\Users\Luis\Desktop\openGLproject\Sistema Solar\Sistema Solar\Source.cpp(186,29): warning C4305: 'argumento': truncamiento de 'double' a 'GLfloat'
C:\Users\Luis\Desktop\openGLproject\Sistema Solar\Sistema Solar\Source.cpp(188,27): warning C4305: 'argumento': truncamiento de 'double' a 'GLfloat'
C:\Users\Luis\Desktop\openGLproject\Sistema Solar\Sistema Solar\Source.cpp(196,28): warning C4305: 'argumento': truncamiento de 'double' a 'GLfloat'
C:\Users\Luis\Desktop\openGLproject\Sistema Solar\Sistema Solar\Source.cpp(197,27): warning C4305: 'argumento': truncamiento de 'double' a 'GLfloat'
C:\Users\Luis\Desktop\openGLproject\Sistema Solar\Sistema Solar\Source.cpp(203,27): warning C4305: 'argumento': truncamiento de 'double' a 'GLfloat'
C:\Users\Luis\Desktop\openGLproject\Sistema Solar\Sistema Solar\Source.cpp(220,31): warning C4305: 'argumento': truncamiento de 'double' a 'GLfloat'
C:\Users\Luis\Desktop\openGLproject\Sistema Solar\Sistema Solar\Source.cpp(221,28): warning C4305: 'argumento': truncamiento de 'double' a 'GLfloat'
C:\Users\Luis\Desktop\openGLproject\Sistema Solar\Sistema Solar\Source.cpp(222,30): warning C4305: 'argumento': truncamiento de 'double' a 'GLfloat'
C:\Users\Luis\Desktop\openGLproject\Sistema Solar\Sistema Solar\Source.cpp(228,32): warning C4305: 'argumento': truncamiento de 'double' a 'GLfloat'
C:\Users\Luis\Desktop\openGLproject\Sistema Solar\Sistema Solar\Source.cpp(229,28): warning C4305: 'argumento': truncamiento de 'double' a 'GLfloat'
C:\Users\Luis\Desktop\openGLproject\Sistema Solar\Sistema Solar\Source.cpp(230,27): warning C4305: 'argumento': truncamiento de 'double' a 'GLfloat'
C:\Users\Luis\Desktop\openGLproject\Sistema Solar\Sistema Solar\Source.cpp(243,21): warning C4305: '-=': truncamiento de 'double' a 'GLfloat'
C:\Users\Luis\Desktop\openGLproject\Sistema Solar\Sistema Solar\Source.cpp(243,35): warning C4305: '-=': truncamiento de 'double' a 'GLfloat'
C:\Users\Luis\Desktop\openGLproject\Sistema Solar\Sistema Solar\Source.cpp(243,49): warning C4305: '-=': truncamiento de 'double' a 'GLfloat'
C:\Users\Luis\Desktop\openGLproject\Sistema Solar\Sistema Solar\Source.cpp(245,24): warning C4305: '+=': truncamiento de 'double' a 'GLfloat'
C:\Users\Luis\Desktop\openGLproject\Sistema Solar\Sistema Solar\Source.cpp(245,38): warning C4305: '+=': truncamiento de 'double' a 'GLfloat'
C:\Users\Luis\Desktop\openGLproject\Sistema Solar\Sistema Solar\Source.cpp(245,52): warning C4305: '+=': truncamiento de 'double' a 'GLfloat'
C:\Users\Luis\Desktop\openGLproject\Sistema Solar\Sistema Solar\Source.cpp(252,24): warning C4305: '+=': truncamiento de 'double' a 'float'
C:\Users\Luis\Desktop\openGLproject\Sistema Solar\Sistema Solar\Source.cpp(260,23): warning C4305: '+=': truncamiento de 'double' a 'float'
C:\Users\Luis\Desktop\openGLproject\Sistema Solar\Sistema Solar\Source.cpp(268,25): warning C4305: '+=': truncamiento de 'double' a 'float'
C:\Users\Luis\Desktop\openGLproject\Sistema Solar\Sistema Solar\Source.cpp(272,25): warning C4305: '+=': truncamiento de 'double' a 'float'
C:\Users\Luis\Desktop\openGLproject\Sistema Solar\Sistema Solar\Source.cpp(276,24): warning C4305: '+=': truncamiento de 'double' a 'float'
C:\Users\Luis\Desktop\openGLproject\Sistema Solar\Sistema Solar\Source.cpp(280,26): warning C4305: '+=': truncamiento de 'double' a 'float'
C:\Users\Luis\Desktop\openGLproject\Sistema Solar\Sistema Solar\Source.cpp(284,29): warning C4305: '+=': truncamiento de 'double' a 'float'
  Sistema Solar.vcxproj -> C:\Users\Luis\Desktop\openGLproject\Sistema Solar\Debug\Sistema Solar.exe
